-> Sort: `profiles`.id  (cost=16155.83 rows=73154) (actual time=99.238..99.263 rows=203 loops=1)
    -> Filter: ((`profiles`.firstName like 'Mi%') and (`profiles`.secondName like 'Di%'))  (cost=16155.83 rows=73154) (actual time=0.210..98.076 rows=203 loops=1)
        -> Index range scan on profiles using idx_first_and_second_name over ('Mi' <= firstName <= 'Mi????????????????????????????????????????????????????????????????????????' AND 'Di' <= secondName <= 'Di????????????????????????????????????????????????????????????????????????')  (cost=16155.83 rows=73154) (actual time=0.084..65.114 rows=37594 loops=1)